<?xml version="1.0" encoding="UTF-8"?>
<testsuite xmlns:xsi="http://www.w3.org/2001/XMLSchema-instance" xsi:noNamespaceSchemaLocation="https://maven.apache.org/surefire/maven-surefire-plugin/xsd/surefire-test-report-3.0.xsd" version="3.0" name="com.backend.ApplicationTests" time="3.459" tests="1" errors="0" skipped="0" failures="0">
  <properties>
[...]
</properties>
  <testcase name="contextLoads" classname="com.backend.ApplicationTests" time="1.039">
    <system-out><![CDATA[11:29:04.959 [main] INFO org.springframework.test.context.support.AnnotationConfigContextLoaderUtils -- Could not detect default configuration classes for test class [com.backend.ApplicationTests]: ApplicationTests does not declare any static, non-private, non-final, nested classes annotated with @Configuration.
11:29:05.100 [main] INFO org.springframework.boot.test.context.SpringBootTestContextBootstrapper -- Found @SpringBootConfiguration com.backend.BackendApplication for test class com.backend.ApplicationTests

  .   ____          _            __ _ _
 /\\ / ___'_ __ _ _(_)_ __  __ _ \ \ \ \
( ( )\___ | '_ | '_| | '_ \/ _` | \ \ \ \
 \\/  ___)| |_)| | | | | || (_| |  ) ) ) )
  '  |____| .__|_| |_|_| |_\__, | / / / /
 =========|_|==============|___/=/_/_/_/
 :: Spring Boot ::                (v3.2.1)

2024-01-12T11:29:05.644-05:00  INFO 14368 --- [           main] com.backend.ApplicationTests             : Starting ApplicationTests using Java 17.0.8 with PID 14368 (started by malic in C:\Users\malic\OneDrive\Desktop\Capstone Project\code\epic-dashboard\backend)
2024-01-12T11:29:05.645-05:00  INFO 14368 --- [           main] com.backend.ApplicationTests             : No active profile set, falling back to 1 default profile: "default"
2024-01-12T11:29:07.155-05:00  INFO 14368 --- [           main] com.backend.ApplicationTests             : Started ApplicationTests in 1.834 seconds (process running for 3.27)
]]></system-out>
  </testcase>
</testsuite>